#
# There is insufficient memory for the Java Runtime Environment to continue.
# Native memory allocation (mmap) failed to map 144703488 bytes for committing reserved memory.
# Possible reasons:
#   The system is out of physical RAM or swap space
#   In 32 bit mode, the process size limit was hit
# Possible solutions:
#   Reduce memory load on the system
#   Increase physical memory or swap space
#   Check if swap backing store is full
#   Use 64 bit Java on a 64 bit OS
#   Decrease Java heap size (-Xmx/-Xms)
#   Decrease number of Java threads
#   Decrease Java thread stack sizes (-Xss)
#   Set larger code cache with -XX:ReservedCodeCacheSize=
# This output file may be truncated or incomplete.
#
#  Out of Memory Error (os_linux.cpp:2627), pid=4733, tid=140654170593024
#
# JRE version: Java(TM) SE Runtime Environment (8.0_66-b17) (build 1.8.0_66-b17)
# Java VM: Java HotSpot(TM) 64-Bit Server VM (25.66-b17 mixed mode linux-amd64 compressed oops)
# Failed to write core dump. Core dumps have been disabled. To enable core dumping, try "ulimit -c unlimited" before starting Java again
#

---------------  T H R E A D  ---------------

Current thread (0x00007fecb0078000):  VMThread [stack: 0x00007fec99cfd000,0x00007fec99dfe000] [id=4743]

Stack: [0x00007fec99cfd000,0x00007fec99dfe000],  sp=0x00007fec99dfc260,  free space=1020k
Native frames: (J=compiled Java code, j=interpreted, Vv=VM code, C=native code)
V  [libjvm.so+0xab9a1a]  VMError::report_and_die()+0x2ba
V  [libjvm.so+0x4f9e0b]  report_vm_out_of_memory(char const*, int, unsigned long, VMErrorType, char const*)+0x8b
V  [libjvm.so+0x91a8a3]  os::Linux::commit_memory_impl(char*, unsigned long, bool)+0x103
V  [libjvm.so+0x91adf9]  os::pd_commit_memory(char*, unsigned long, unsigned long, bool)+0x29
V  [libjvm.so+0x91510a]  os::commit_memory(char*, unsigned long, unsigned long, bool)+0x2a
V  [libjvm.so+0x9887a3]  PSVirtualSpace::expand_by(unsigned long)+0x53
V  [libjvm.so+0x989ba8]  PSYoungGen::resize_generation(unsigned long, unsigned long)+0xf8
V  [libjvm.so+0x988d02]  PSYoungGen::resize(unsigned long, unsigned long)+0x22
V  [libjvm.so+0x985fdb]  PSScavenge::invoke_no_policy()+0xf3b
V  [libjvm.so+0x986761]  PSScavenge::invoke()+0x41
V  [libjvm.so+0x93e500]  ParallelScavengeHeap::failed_mem_allocate(unsigned long)+0x70
V  [libjvm.so+0xabb437]  VM_ParallelGCFailedAllocation::doit()+0x97
V  [libjvm.so+0xac2e65]  VM_Operation::evaluate()+0x55
V  [libjvm.so+0xac123a]  VMThread::evaluate_operation(VM_Operation*)+0xba
V  [libjvm.so+0xac15be]  VMThread::loop()+0x1ce
V  [libjvm.so+0xac1a30]  VMThread::run()+0x70
V  [libjvm.so+0x91cc68]  java_start(Thread*)+0x108

VM_Operation (0x00007fecb84ff3f0): ParallelGCFailedAllocation, mode: safepoint, requested by thread 0x00007fecb000a000


---------------  P R O C E S S  ---------------

Java Threads: ( => current thread )
  0x00007fecb018c000 JavaThread "pool-1-thread-4" [_thread_blocked, id=4798, stack(0x00007fec98e67000,0x00007fec98f68000)]
  0x00007fecb018a800 JavaThread "pool-1-thread-3" [_thread_blocked, id=4797, stack(0x00007fec98f68000,0x00007fec99069000)]
  0x00007fecb0189800 JavaThread "pool-1-thread-2" [_thread_blocked, id=4795, stack(0x00007fec99069000,0x00007fec9916a000)]
  0x00007fecb0185800 JavaThread "pool-2-thread-1" [_thread_blocked, id=4794, stack(0x00007fec9916a000,0x00007fec9926b000)]
  0x00007fecb017a800 JavaThread "pool-1-thread-1" [_thread_blocked, id=4793, stack(0x00007fec9926b000,0x00007fec9936c000)]
  0x00007fecb00be000 JavaThread "Service Thread" daemon [_thread_blocked, id=4752, stack(0x00007fec9946d000,0x00007fec9956e000)]
  0x00007fecb00b7000 JavaThread "C1 CompilerThread2" daemon [_thread_blocked, id=4749, stack(0x00007fec9956e000,0x00007fec9966f000)]
  0x00007fecb00b5000 JavaThread "C2 CompilerThread1" daemon [_thread_blocked, id=4748, stack(0x00007fec9966f000,0x00007fec99770000)]
  0x00007fecb00b2800 JavaThread "C2 CompilerThread0" daemon [_thread_blocked, id=4747, stack(0x00007fec99770000,0x00007fec99871000)]
  0x00007fecb00b0000 JavaThread "Signal Dispatcher" daemon [_thread_blocked, id=4746, stack(0x00007fec99871000,0x00007fec99972000)]
  0x00007fecb007f000 JavaThread "Finalizer" daemon [_thread_blocked, id=4745, stack(0x00007fec99afb000,0x00007fec99bfc000)]
  0x00007fecb007d000 JavaThread "Reference Handler" daemon [_thread_blocked, id=4744, stack(0x00007fec99bfc000,0x00007fec99cfd000)]
  0x00007fecb000a000 JavaThread "main" [_thread_blocked, id=4735, stack(0x00007fecb8401000,0x00007fecb8502000)]

Other Threads:
=>0x00007fecb0078000 VMThread [stack: 0x00007fec99cfd000,0x00007fec99dfe000] [id=4743]
  0x00007fecb00c1800 WatcherThread [stack: 0x00007fec9936c000,0x00007fec9946d000] [id=4753]

VM state:at safepoint (normal execution)

VM Mutex/Monitor currently owned by a thread:  ([mutex/lock_event])
[0x00007fecb0006540] Threads_lock - owner thread: 0x00007fecb0078000
[0x00007fecb0006a40] Heap_lock - owner thread: 0x00007fecb000a000

Heap:
 PSYoungGen      total 141312K, used 16352K [0x00000000eab00000, 0x00000000f4700000, 0x0000000100000000)
  eden space 124928K, 0% used [0x00000000eab00000,0x00000000eab00000,0x00000000f2500000)
  from space 16384K, 99% used [0x00000000f2500000,0x00000000f34f8178,0x00000000f3500000)
  to   space 14336K, 0% used [0x00000000f3500000,0x00000000f3500000,0x00000000f4300000)
 ParOldGen       total 42496K, used 34326K [0x00000000c0000000, 0x00000000c2980000, 0x00000000eab00000)
  object space 42496K, 80% used [0x00000000c0000000,0x00000000c2185858,0x00000000c2980000)
 Metaspace       used 6278K, capacity 7152K, committed 7296K, reserved 1056768K
  class space    used 595K, capacity 616K, committed 640K, reserved 1048576K

Card table byte_map: [0x00007fecb4fcf000,0x00007fecb51d0000] byte_map_base: 0x00007fecb49cf000

Marking Bits: (ParMarkBitMap*) 0x00007fecb78df020
 Begin Bits: [0x00007fec9a000000, 0x00007fec9b000000)
 End Bits:   [0x00007fec9b000000, 0x00007fec9c000000)

Polling page: 0x00007fecb8526000

CodeCache: size=245760Kb used=6967Kb max_used=7011Kb free=238792Kb
 bounds [0x00007feca1000000, 0x00007feca16e0000, 0x00007fecb0000000]
 total_blobs=2191 nmethods=1922 adapters=182
 compilation: enabled

Compilation events (10 events):
Event: 3.841 Thread 0x00007fecb00b7000 2114       2       com.android.dx.ssa.NormalSsaInsn::changeOneSource (120 bytes)
Event: 3.841 Thread 0x00007fecb00b7000 nmethod 2114 0x00007feca16c2ad0 code [0x00007feca16c2ce0, 0x00007feca16c3438]
Event: 3.864 Thread 0x00007fecb00b7000 2115       3       com.android.dx.rop.code.LocalVariableExtractor::doit (49 bytes)
Event: 3.864 Thread 0x00007fecb00b7000 nmethod 2115 0x00007feca16c3ed0 code [0x00007feca16c4080, 0x00007feca16c4538]
Event: 3.864 Thread 0x00007fecb00b7000 2116       3       com.android.dx.dex.code.BlockAddresses::setupArrays (113 bytes)
Event: 3.865 Thread 0x00007fecb00b7000 nmethod 2116 0x00007feca16c4790 code [0x00007feca16c4a60, 0x00007feca16c6478]
Event: 3.866 Thread 0x00007fecb00b7000 2117       3       com.android.dx.dex.code.RopTranslator::outputInstructions (69 bytes)
Event: 3.866 Thread 0x00007fecb00b7000 nmethod 2117 0x00007feca16c7290 code [0x00007feca16c7420, 0x00007feca16c7878]
Event: 3.892 Thread 0x00007fecb00b5000 nmethod 1342 0x00007feca16c7a50 code [0x00007feca16c9400, 0x00007feca16d25b0]
Event: 3.892 Thread 0x00007fecb00b5000 2118 %     4       com.android.dx.ssa.DomFront::calcDomFronts @ 67 (154 bytes)

GC Heap History (10 events):
Event: 0.780 GC heap after
Heap after GC invocations=2 (full 0):
 PSYoungGen      total 34304K, used 2540K [0x00000000eab00000, 0x00000000ecf00000, 0x0000000100000000)
  eden space 31744K, 0% used [0x00000000eab00000,0x00000000eab00000,0x00000000eca00000)
  from space 2560K, 99% used [0x00000000ecc80000,0x00000000ecefb3e0,0x00000000ecf00000)
  to   space 2560K, 0% used [0x00000000eca00000,0x00000000eca00000,0x00000000ecc80000)
 ParOldGen       total 42496K, used 2333K [0x00000000c0000000, 0x00000000c2980000, 0x00000000eab00000)
  object space 42496K, 5% used [0x00000000c0000000,0x00000000c0247558,0x00000000c2980000)
 Metaspace       used 5726K, capacity 6704K, committed 6784K, reserved 1056768K
  class space    used 592K, capacity 616K, committed 640K, reserved 1048576K
}
Event: 1.136 GC heap before
{Heap before GC invocations=3 (full 0):
 PSYoungGen      total 34304K, used 34284K [0x00000000eab00000, 0x00000000ecf00000, 0x0000000100000000)
  eden space 31744K, 100% used [0x00000000eab00000,0x00000000eca00000,0x00000000eca00000)
  from space 2560K, 99% used [0x00000000ecc80000,0x00000000ecefb3e0,0x00000000ecf00000)
  to   space 2560K, 0% used [0x00000000eca00000,0x00000000eca00000,0x00000000ecc80000)
 ParOldGen       total 42496K, used 2333K [0x00000000c0000000, 0x00000000c2980000, 0x00000000eab00000)
  object space 42496K, 5% used [0x00000000c0000000,0x00000000c0247558,0x00000000c2980000)
 Metaspace       used 5809K, capacity 6768K, committed 7040K, reserved 1056768K
  class space    used 594K, capacity 616K, committed 640K, reserved 1048576K
Event: 1.160 GC heap after
Heap after GC invocations=3 (full 0):
 PSYoungGen      total 34304K, used 2538K [0x00000000eab00000, 0x00000000eee00000, 0x0000000100000000)
  eden space 31744K, 0% used [0x00000000eab00000,0x00000000eab00000,0x00000000eca00000)
  from space 2560K, 99% used [0x00000000eca00000,0x00000000ecc7ab30,0x00000000ecc80000)
  to   space 2560K, 0% used [0x00000000eeb80000,0x00000000eeb80000,0x00000000eee00000)
 ParOldGen       total 42496K, used 7653K [0x00000000c0000000, 0x00000000c2980000, 0x00000000eab00000)
  object space 42496K, 18% used [0x00000000c0000000,0x00000000c07797f8,0x00000000c2980000)
 Metaspace       used 5809K, capacity 6768K, committed 7040K, reserved 1056768K
  class space    used 594K, capacity 616K, committed 640K, reserved 1048576K
}
Event: 1.566 GC heap before
{Heap before GC invocations=4 (full 0):
 PSYoungGen      total 34304K, used 34282K [0x00000000eab00000, 0x00000000eee00000, 0x0000000100000000)
  eden space 31744K, 100% used [0x00000000eab00000,0x00000000eca00000,0x00000000eca00000)
  from space 2560K, 99% used [0x00000000eca00000,0x00000000ecc7ab30,0x00000000ecc80000)
  to   space 2560K, 0% used [0x00000000eeb80000,0x00000000eeb80000,0x00000000eee00000)
 ParOldGen       total 42496K, used 7653K [0x00000000c0000000, 0x00000000c2980000, 0x00000000eab00000)
  object space 42496K, 18% used [0x00000000c0000000,0x00000000c07797f8,0x00000000c2980000)
 Metaspace       used 5916K, capacity 6896K, committed 7040K, reserved 1056768K
  class space    used 594K, capacity 616K, committed 640K, reserved 1048576K
Event: 1.601 GC heap after
Heap after GC invocations=4 (full 0):
 PSYoungGen      total 66048K, used 2538K [0x00000000eab00000, 0x00000000eee00000, 0x0000000100000000)
  eden space 63488K, 0% used [0x00000000eab00000,0x00000000eab00000,0x00000000ee900000)
  from space 2560K, 99% used [0x00000000eeb80000,0x00000000eedfab20,0x00000000eee00000)
  to   space 2560K, 0% used [0x00000000ee900000,0x00000000ee900000,0x00000000eeb80000)
 ParOldGen       total 42496K, used 11381K [0x00000000c0000000, 0x00000000c2980000, 0x00000000eab00000)
  object space 42496K, 26% used [0x00000000c0000000,0x00000000c0b1d548,0x00000000c2980000)
 Metaspace       used 5916K, capacity 6896K, committed 7040K, reserved 1056768K
  class space    used 594K, capacity 616K, committed 640K, reserved 1048576K
}
Event: 2.224 GC heap before
{Heap before GC invocations=5 (full 0):
 PSYoungGen      total 66048K, used 66026K [0x00000000eab00000, 0x00000000eee00000, 0x0000000100000000)
  eden space 63488K, 100% used [0x00000000eab00000,0x00000000ee900000,0x00000000ee900000)
  from space 2560K, 99% used [0x00000000eeb80000,0x00000000eedfab20,0x00000000eee00000)
  to   space 2560K, 0% used [0x00000000ee900000,0x00000000ee900000,0x00000000eeb80000)
 ParOldGen       total 42496K, used 11381K [0x00000000c0000000, 0x00000000c2980000, 0x00000000eab00000)
  object space 42496K, 26% used [0x00000000c0000000,0x00000000c0b1d548,0x00000000c2980000)
 Metaspace       used 5972K, capacity 6960K, committed 7040K, reserved 1056768K
  class space    used 595K, capacity 616K, committed 640K, reserved 1048576K
Event: 2.305 GC heap after
Heap after GC invocations=5 (full 0):
 PSYoungGen      total 66048K, used 2558K [0x00000000eab00000, 0x00000000f4300000, 0x0000000100000000)
  eden space 63488K, 0% used [0x00000000eab00000,0x00000000eab00000,0x00000000ee900000)
  from space 2560K, 99% used [0x00000000ee900000,0x00000000eeb7fb30,0x00000000eeb80000)
  to   space 14336K, 0% used [0x00000000f3500000,0x00000000f3500000,0x00000000f4300000)
 ParOldGen       total 42496K, used 21786K [0x00000000c0000000, 0x00000000c2980000, 0x00000000eab00000)
  object space 42496K, 51% used [0x00000000c0000000,0x00000000c1546918,0x00000000c2980000)
 Metaspace       used 5972K, capacity 6960K, committed 7040K, reserved 1056768K
  class space    used 595K, capacity 616K, committed 640K, reserved 1048576K
}
Event: 2.825 GC heap before
{Heap before GC invocations=6 (full 0):
 PSYoungGen      total 66048K, used 66046K [0x00000000eab00000, 0x00000000f4300000, 0x0000000100000000)
  eden space 63488K, 100% used [0x00000000eab00000,0x00000000ee900000,0x00000000ee900000)
  from space 2560K, 99% used [0x00000000ee900000,0x00000000eeb7fb30,0x00000000eeb80000)
  to   space 14336K, 0% used [0x00000000f3500000,0x00000000f3500000,0x00000000f4300000)
 ParOldGen       total 42496K, used 21786K [0x00000000c0000000, 0x00000000c2980000, 0x00000000eab00000)
  object space 42496K, 51% used [0x00000000c0000000,0x00000000c1546918,0x00000000c2980000)
 Metaspace       used 6053K, capacity 7024K, committed 7296K, reserved 1056768K
  class space    used 595K, capacity 616K, committed 640K, reserved 1048576K
Event: 2.946 GC heap after
Heap after GC invocations=6 (full 0):
 PSYoungGen      total 139264K, used 12236K [0x00000000eab00000, 0x00000000f4700000, 0x0000000100000000)
  eden space 124928K, 0% used [0x00000000eab00000,0x00000000eab00000,0x00000000f2500000)
  from space 14336K, 85% used [0x00000000f3500000,0x00000000f40f3220,0x00000000f4300000)
  to   space 16384K, 0% used [0x00000000f2500000,0x00000000f2500000,0x00000000f3500000)
 ParOldGen       total 42496K, used 21786K [0x00000000c0000000, 0x00000000c2980000, 0x00000000eab00000)
  object space 42496K, 51% used [0x00000000c0000000,0x00000000c1546918,0x00000000c2980000)
 Metaspace       used 6053K, capacity 7024K, committed 7296K, reserved 1056768K
  class space    used 595K, capacity 616K, committed 640K, reserved 1048576K
}
Event: 3.932 GC heap before
{Heap before GC invocations=7 (full 0):
 PSYoungGen      total 139264K, used 137164K [0x00000000eab00000, 0x00000000f4700000, 0x0000000100000000)
  eden space 124928K, 100% used [0x00000000eab00000,0x00000000f2500000,0x00000000f2500000)
  from space 14336K, 85% used [0x00000000f3500000,0x00000000f40f3220,0x00000000f4300000)
  to   space 16384K, 0% used [0x00000000f2500000,0x00000000f2500000,0x00000000f3500000)
 ParOldGen       total 42496K, used 21786K [0x00000000c0000000, 0x00000000c2980000, 0x00000000eab00000)
  object space 42496K, 51% used [0x00000000c0000000,0x00000000c1546918,0x00000000c2980000)
 Metaspace       used 6278K, capacity 7152K, committed 7296K, reserved 1056768K
  class space    used 595K, capacity 616K, committed 640K, reserved 1048576K

Deoptimization events (10 events):
Event: 1.719 Thread 0x00007fecb0189800 Uncommon trap: reason=bimorphic action=maybe_recompile pc=0x00007feca140aba4 method=java.util.HashMap.getNode(ILjava/lang/Object;)Ljava/util/HashMap$Node; @ 126
Event: 1.719 Thread 0x00007fecb0189800 Uncommon trap: reason=class_check action=maybe_recompile pc=0x00007feca138b47c method=java.util.HashMap.putVal(ILjava/lang/Object;Ljava/lang/Object;ZZ)Ljava/lang/Object; @ 203
Event: 1.719 Thread 0x00007fecb0189800 Uncommon trap: reason=bimorphic action=maybe_recompile pc=0x00007feca140aba4 method=java.util.HashMap.getNode(ILjava/lang/Object;)Ljava/util/HashMap$Node; @ 126
Event: 1.719 Thread 0x00007fecb0189800 Uncommon trap: reason=bimorphic action=maybe_recompile pc=0x00007feca140aba4 method=java.util.HashMap.getNode(ILjava/lang/Object;)Ljava/util/HashMap$Node; @ 126
Event: 1.720 Thread 0x00007fecb0189800 Uncommon trap: reason=class_check action=maybe_recompile pc=0x00007feca138b47c method=java.util.HashMap.putVal(ILjava/lang/Object;Ljava/lang/Object;ZZ)Ljava/lang/Object; @ 203
Event: 1.749 Thread 0x00007fecb017a800 Uncommon trap: reason=unstable_if action=reinterpret pc=0x00007feca13620bc method=com.android.dx.ssa.SsaMethod.updateOneDefinition(Lcom/android/dx/ssa/SsaInsn;Lcom/android/dx/rop/code/RegisterSpec;)V @ 4
Event: 2.511 Thread 0x00007fecb0189800 Uncommon trap: reason=unstable_if action=reinterpret pc=0x00007feca14f0fc4 method=com.android.dx.ssa.SCCP.simulateStmt(Lcom/android/dx/ssa/SsaInsn;)V @ 53
Event: 2.515 Thread 0x00007fecb0189800 Uncommon trap: reason=class_check action=maybe_recompile pc=0x00007feca138b47c method=java.util.HashMap.putVal(ILjava/lang/Object;Ljava/lang/Object;ZZ)Ljava/lang/Object; @ 203
Event: 3.344 Thread 0x00007fecb018a800 Uncommon trap: reason=bimorphic action=maybe_recompile pc=0x00007feca1595d4c method=com.android.dx.ssa.LiteralOpUpgrader.tryReplacingWithConstant(Lcom/android/dx/ssa/NormalSsaInsn;)Z @ 62
Event: 3.375 Thread 0x00007fecb018a800 Uncommon trap: reason=bimorphic action=maybe_recompile pc=0x00007feca1595d4c method=com.android.dx.ssa.LiteralOpUpgrader.tryReplacingWithConstant(Lcom/android/dx/ssa/NormalSsaInsn;)Z @ 62

Internal exceptions (3 events):
Event: 0.043 Thread 0x00007fecb000a000 Exception <a 'java/lang/NoSuchMethodError': Method sun.misc.Unsafe.defineClass(Ljava/lang/String;[BII)Ljava/lang/Class; name or signature does not match> (0x00000000eab12bb8) thrown at [/HUDSON/workspace/8-2-build-linux-amd64/jdk8u66/4988/hotspot/src/shar
Event: 0.043 Thread 0x00007fecb000a000 Exception <a 'java/lang/NoSuchMethodError': Method sun.misc.Unsafe.prefetchRead(Ljava/lang/Object;J)V name or signature does not match> (0x00000000eab12ea0) thrown at [/HUDSON/workspace/8-2-build-linux-amd64/jdk8u66/4988/hotspot/src/share/vm/prims/jni.cpp
Event: 1.174 Thread 0x00007fecb018a800 Implicit null exception at 0x00007feca12b9110 to 0x00007feca12bb675

Events (10 events):
Event: 3.864 Thread 0x00007fecb000a000 DEOPT UNPACKING pc=0x00007feca1047633 sp=0x00007fecb84ff7e0 mode 0
Event: 3.865 Thread 0x00007fecb000a000 DEOPT PACKING pc=0x00007feca14ffaec sp=0x00007fecb84ff850
Event: 3.865 Thread 0x00007fecb000a000 DEOPT UNPACKING pc=0x00007feca1047633 sp=0x00007fecb84ff638 mode 0
Event: 3.866 Thread 0x00007fecb000a000 DEOPT PACKING pc=0x00007feca14fefed sp=0x00007fecb84ff9c0
Event: 3.866 Thread 0x00007fecb000a000 DEOPT UNPACKING pc=0x00007feca1047633 sp=0x00007fecb84ff718 mode 0
Event: 3.889 Thread 0x00007fecb000a000 DEOPT PACKING pc=0x00007feca15e63c7 sp=0x00007fecb84ff4d0
Event: 3.889 Thread 0x00007fecb000a000 DEOPT UNPACKING pc=0x00007feca1047633 sp=0x00007fecb84ff258 mode 0
Event: 3.905 Thread 0x00007fecb000a000 DEOPT PACKING pc=0x00007feca1382fec sp=0x00007fecb84ff880
Event: 3.905 Thread 0x00007fecb000a000 DEOPT UNPACKING pc=0x00007feca1047633 sp=0x00007fecb84ff580 mode 0
Event: 3.932 Executing VM operation: ParallelGCFailedAllocation


Dynamic libraries:
00400000-00401000 r-xp 00000000 08:03 1837878                            /usr/lib/jvm/java-8-oracle/bin/java
00600000-00601000 rw-p 00000000 08:03 1837878                            /usr/lib/jvm/java-8-oracle/bin/java
0233b000-0235c000 rw-p 00000000 00:00 0                                  [heap]
c0000000-c2980000 rw-p 00000000 00:00 0 
c2980000-eab00000 ---p 00000000 00:00 0 
eab00000-f4700000 rw-p 00000000 00:00 0 
fd100000-100000000 ---p 00000000 00:00 0 
100000000-1000a0000 rw-p 00000000 00:00 0 
1000a0000-140000000 ---p 00000000 00:00 0 
7fec54000000-7fec54021000 rw-p 00000000 00:00 0 
7fec54021000-7fec58000000 ---p 00000000 00:00 0 
7fec58000000-7fec58021000 rw-p 00000000 00:00 0 
7fec58021000-7fec5c000000 ---p 00000000 00:00 0 
7fec5c000000-7fec5c021000 rw-p 00000000 00:00 0 
7fec5c021000-7fec60000000 ---p 00000000 00:00 0 
7fec60000000-7fec60021000 rw-p 00000000 00:00 0 
7fec60021000-7fec64000000 ---p 00000000 00:00 0 
7fec64000000-7fec64021000 rw-p 00000000 00:00 0 
7fec64021000-7fec68000000 ---p 00000000 00:00 0 
7fec68000000-7fec68036000 rw-p 00000000 00:00 0 
7fec68036000-7fec6c000000 ---p 00000000 00:00 0 
7fec6c000000-7fec6c95f000 rw-p 00000000 00:00 0 
7fec6c95f000-7fec70000000 ---p 00000000 00:00 0 
7fec70000000-7fec70021000 rw-p 00000000 00:00 0 
7fec70021000-7fec74000000 ---p 00000000 00:00 0 
7fec74000000-7fec74844000 rw-p 00000000 00:00 0 
7fec74844000-7fec78000000 ---p 00000000 00:00 0 
7fec78000000-7fec78ff8000 rw-p 00000000 00:00 0 
7fec78ff8000-7fec7c000000 ---p 00000000 00:00 0 
7fec7c000000-7fec7c021000 rw-p 00000000 00:00 0 
7fec7c021000-7fec80000000 ---p 00000000 00:00 0 
7fec80000000-7fec80021000 rw-p 00000000 00:00 0 
7fec80021000-7fec84000000 ---p 00000000 00:00 0 
7fec84000000-7fec8428a000 rw-p 00000000 00:00 0 
7fec8428a000-7fec88000000 ---p 00000000 00:00 0 
7fec88000000-7fec88021000 rw-p 00000000 00:00 0 
7fec88021000-7fec8c000000 ---p 00000000 00:00 0 
7fec8c000000-7fec8c021000 rw-p 00000000 00:00 0 
7fec8c021000-7fec90000000 ---p 00000000 00:00 0 
7fec90000000-7fec90021000 rw-p 00000000 00:00 0 
7fec90021000-7fec94000000 ---p 00000000 00:00 0 
7fec94000000-7fec94021000 rw-p 00000000 00:00 0 
7fec94021000-7fec98000000 ---p 00000000 00:00 0 
7fec98e67000-7fec98e6a000 ---p 00000000 00:00 0 
7fec98e6a000-7fec98f68000 rw-p 00000000 00:00 0                          [stack:4798]
7fec98f68000-7fec98f6b000 ---p 00000000 00:00 0 
7fec98f6b000-7fec99069000 rw-p 00000000 00:00 0                          [stack:4797]
7fec99069000-7fec9906c000 ---p 00000000 00:00 0 
7fec9906c000-7fec9916a000 rw-p 00000000 00:00 0                          [stack:4795]
7fec9916a000-7fec9916d000 ---p 00000000 00:00 0 
7fec9916d000-7fec9926b000 rw-p 00000000 00:00 0                          [stack:4794]
7fec9926b000-7fec9926e000 ---p 00000000 00:00 0 
7fec9926e000-7fec9936c000 rw-p 00000000 00:00 0                          [stack:4793]
7fec9936c000-7fec9936d000 ---p 00000000 00:00 0 
7fec9936d000-7fec9946d000 rw-p 00000000 00:00 0                          [stack:4753]
7fec9946d000-7fec99470000 ---p 00000000 00:00 0 
7fec99470000-7fec9956e000 rw-p 00000000 00:00 0                          [stack:4752]
7fec9956e000-7fec99571000 ---p 00000000 00:00 0 
7fec99571000-7fec9966f000 rw-p 00000000 00:00 0                          [stack:4749]
7fec9966f000-7fec99672000 ---p 00000000 00:00 0 
7fec99672000-7fec99770000 rw-p 00000000 00:00 0                          [stack:4748]
7fec99770000-7fec99773000 ---p 00000000 00:00 0 
7fec99773000-7fec99871000 rw-p 00000000 00:00 0                          [stack:4747]
7fec99871000-7fec99874000 ---p 00000000 00:00 0 
7fec99874000-7fec99972000 rw-p 00000000 00:00 0                          [stack:4746]
7fec99972000-7fec99afb000 r--p 00000000 08:03 1837546                    /usr/lib/locale/locale-archive
7fec99afb000-7fec99afe000 ---p 00000000 00:00 0 
7fec99afe000-7fec99bfc000 rw-p 00000000 00:00 0                          [stack:4745]
7fec99bfc000-7fec99bff000 ---p 00000000 00:00 0 
7fec99bff000-7fec99cfd000 rw-p 00000000 00:00 0                          [stack:4744]
7fec99cfd000-7fec99cfe000 ---p 00000000 00:00 0 
7fec99cfe000-7fec9c000000 rw-p 00000000 00:00 0                          [stack:4743]
7fec9c000000-7fec9c021000 rw-p 00000000 00:00 0 
7fec9c021000-7feca0000000 ---p 00000000 00:00 0 
7feca003e000-7feca0053000 r--s 000d6000 08:03 6424796                    /home/aluno/AndroidStudioProjects/Oficinas/ucd-java-app/app/build/intermediates/exploded-aar/com.android.support/support-v4/23.0.1/jars/classes.jar
7feca0053000-7feca0062000 r--s 000df000 08:03 926691                     /opt/Android/sdk/build-tools/23.0.2/lib/dx.jar
7feca0062000-7feca0db1000 rw-p 00000000 00:00 0 
7feca0db1000-7feca0f8a000 r--s 03d20000 08:03 1846328                    /usr/lib/jvm/java-8-oracle/jre/lib/rt.jar
7feca0f8a000-7feca1000000 rw-p 00000000 00:00 0 
7feca1000000-7feca16e0000 rwxp 00000000 00:00 0 
7feca16e0000-7fecb0000000 ---p 00000000 00:00 0 
7fecb0000000-7fecb03a4000 rw-p 00000000 00:00 0 
7fecb03a4000-7fecb4000000 ---p 00000000 00:00 0 
7fecb400b000-7fecb4012000 r--s 00000000 08:03 2494646                    /usr/lib/x86_64-linux-gnu/gconv/gconv-modules.cache
7fecb4012000-7fecb46f5000 rw-p 00000000 00:00 0 
7fecb46f5000-7fecb4875000 ---p 00000000 00:00 0 
7fecb4875000-7fecb4a75000 rw-p 00000000 00:00 0 
7fecb4a75000-7fecb4a76000 ---p 00000000 00:00 0 
7fecb4a76000-7fecb4b76000 rw-p 00000000 00:00 0                          [stack:4742]
7fecb4b76000-7fecb4b77000 ---p 00000000 00:00 0 
7fecb4b77000-7fecb4c77000 rw-p 00000000 00:00 0                          [stack:4741]
7fecb4c77000-7fecb4c78000 ---p 00000000 00:00 0 
7fecb4c78000-7fecb4d78000 rw-p 00000000 00:00 0                          [stack:4740]
7fecb4d78000-7fecb4d79000 ---p 00000000 00:00 0 
7fecb4d79000-7fecb4e8e000 rw-p 00000000 00:00 0                          [stack:4739]
7fecb4e8e000-7fecb4fcf000 ---p 00000000 00:00 0 
7fecb4fcf000-7fecb4fe4000 rw-p 00000000 00:00 0 
7fecb4fe4000-7fecb5124000 ---p 00000000 00:00 0 
7fecb5124000-7fecb5173000 rw-p 00000000 00:00 0 
7fecb5173000-7fecb51cf000 ---p 00000000 00:00 0 
7fecb51cf000-7fecb51ec000 rw-p 00000000 00:00 0 
7fecb51ec000-7fecb5590000 ---p 00000000 00:00 0 
7fecb5590000-7fecb55aa000 r-xp 00000000 08:03 1846384                    /usr/lib/jvm/java-8-oracle/jre/lib/amd64/libzip.so
7fecb55aa000-7fecb57aa000 ---p 0001a000 08:03 1846384                    /usr/lib/jvm/java-8-oracle/jre/lib/amd64/libzip.so
7fecb57aa000-7fecb57ab000 rw-p 0001a000 08:03 1846384                    /usr/lib/jvm/java-8-oracle/jre/lib/amd64/libzip.so
7fecb57ab000-7fecb57b6000 r-xp 00000000 08:03 2101521                    /lib/x86_64-linux-gnu/libnss_files-2.19.so
7fecb57b6000-7fecb59b5000 ---p 0000b000 08:03 2101521                    /lib/x86_64-linux-gnu/libnss_files-2.19.so
7fecb59b5000-7fecb59b6000 r--p 0000a000 08:03 2101521                    /lib/x86_64-linux-gnu/libnss_files-2.19.so
7fecb59b6000-7fecb59b7000 rw-p 0000b000 08:03 2101521                    /lib/x86_64-linux-gnu/libnss_files-2.19.so
7fecb59b7000-7fecb59c2000 r-xp 00000000 08:03 2101531                    /lib/x86_64-linux-gnu/libnss_nis-2.19.so
7fecb59c2000-7fecb5bc1000 ---p 0000b000 08:03 2101531                    /lib/x86_64-linux-gnu/libnss_nis-2.19.so
7fecb5bc1000-7fecb5bc2000 r--p 0000a000 08:03 2101531                    /lib/x86_64-linux-gnu/libnss_nis-2.19.so
7fecb5bc2000-7fecb5bc3000 rw-p 0000b000 08:03 2101531                    /lib/x86_64-linux-gnu/libnss_nis-2.19.so
7fecb5bc3000-7fecb5bda000 r-xp 00000000 08:03 2101515                    /lib/x86_64-linux-gnu/libnsl-2.19.so
7fecb5bda000-7fecb5dd9000 ---p 00017000 08:03 2101515                    /lib/x86_64-linux-gnu/libnsl-2.19.so
7fecb5dd9000-7fecb5dda000 r--p 00016000 08:03 2101515                    /lib/x86_64-linux-gnu/libnsl-2.19.so
7fecb5dda000-7fecb5ddb000 rw-p 00017000 08:03 2101515                    /lib/x86_64-linux-gnu/libnsl-2.19.so
7fecb5ddb000-7fecb5ddd000 rw-p 00000000 00:00 0 
7fecb5ddd000-7fecb5de6000 r-xp 00000000 08:03 2101517                    /lib/x86_64-linux-gnu/libnss_compat-2.19.so
7fecb5de6000-7fecb5fe5000 ---p 00009000 08:03 2101517                    /lib/x86_64-linux-gnu/libnss_compat-2.19.so
7fecb5fe5000-7fecb5fe6000 r--p 00008000 08:03 2101517                    /lib/x86_64-linux-gnu/libnss_compat-2.19.so
7fecb5fe6000-7fecb5fe7000 rw-p 00009000 08:03 2101517                    /lib/x86_64-linux-gnu/libnss_compat-2.19.so
7fecb5fe7000-7fecb6011000 r-xp 00000000 08:03 1846344                    /usr/lib/jvm/java-8-oracle/jre/lib/amd64/libjava.so
7fecb6011000-7fecb6211000 ---p 0002a000 08:03 1846344                    /usr/lib/jvm/java-8-oracle/jre/lib/amd64/libjava.so
7fecb6211000-7fecb6213000 rw-p 0002a000 08:03 1846344                    /usr/lib/jvm/java-8-oracle/jre/lib/amd64/libjava.so
7fecb6213000-7fecb6220000 r-xp 00000000 08:03 1846379                    /usr/lib/jvm/java-8-oracle/jre/lib/amd64/libverify.so
7fecb6220000-7fecb6420000 ---p 0000d000 08:03 1846379                    /usr/lib/jvm/java-8-oracle/jre/lib/amd64/libverify.so
7fecb6420000-7fecb6422000 rw-p 0000d000 08:03 1846379                    /usr/lib/jvm/java-8-oracle/jre/lib/amd64/libverify.so
7fecb6422000-7fecb6429000 r-xp 00000000 08:03 2101574                    /lib/x86_64-linux-gnu/librt-2.19.so
7fecb6429000-7fecb6628000 ---p 00007000 08:03 2101574                    /lib/x86_64-linux-gnu/librt-2.19.so
7fecb6628000-7fecb6629000 r--p 00006000 08:03 2101574                    /lib/x86_64-linux-gnu/librt-2.19.so
7fecb6629000-7fecb662a000 rw-p 00007000 08:03 2101574                    /lib/x86_64-linux-gnu/librt-2.19.so
7fecb662a000-7fecb672f000 r-xp 00000000 08:03 2101496                    /lib/x86_64-linux-gnu/libm-2.19.so
7fecb672f000-7fecb692e000 ---p 00105000 08:03 2101496                    /lib/x86_64-linux-gnu/libm-2.19.so
7fecb692e000-7fecb692f000 r--p 00104000 08:03 2101496                    /lib/x86_64-linux-gnu/libm-2.19.so
7fecb692f000-7fecb6930000 rw-p 00105000 08:03 2101496                    /lib/x86_64-linux-gnu/libm-2.19.so
7fecb6930000-7fecb75ee000 r-xp 00000000 08:03 1846370                    /usr/lib/jvm/java-8-oracle/jre/lib/amd64/server/libjvm.so
7fecb75ee000-7fecb77ed000 ---p 00cbe000 08:03 1846370                    /usr/lib/jvm/java-8-oracle/jre/lib/amd64/server/libjvm.so
7fecb77ed000-7fecb78c6000 rw-p 00cbd000 08:03 1846370                    /usr/lib/jvm/java-8-oracle/jre/lib/amd64/server/libjvm.so
7fecb78c6000-7fecb790a000 rw-p 00000000 00:00 0 
7fecb790a000-7fecb7ac5000 r-xp 00000000 08:03 2101445                    /lib/x86_64-linux-gnu/libc-2.19.so
7fecb7ac5000-7fecb7cc4000 ---p 001bb000 08:03 2101445                    /lib/x86_64-linux-gnu/libc-2.19.so
7fecb7cc4000-7fecb7cc8000 r--p 001ba000 08:03 2101445                    /lib/x86_64-linux-gnu/libc-2.19.so
7fecb7cc8000-7fecb7cca000 rw-p 001be000 08:03 2101445                    /lib/x86_64-linux-gnu/libc-2.19.so
7fecb7cca000-7fecb7ccf000 rw-p 00000000 00:00 0 
7fecb7ccf000-7fecb7cd2000 r-xp 00000000 08:03 2101462                    /lib/x86_64-linux-gnu/libdl-2.19.so
7fecb7cd2000-7fecb7ed1000 ---p 00003000 08:03 2101462                    /lib/x86_64-linux-gnu/libdl-2.19.so
7fecb7ed1000-7fecb7ed2000 r--p 00002000 08:03 2101462                    /lib/x86_64-linux-gnu/libdl-2.19.so
7fecb7ed2000-7fecb7ed3000 rw-p 00003000 08:03 2101462                    /lib/x86_64-linux-gnu/libdl-2.19.so
7fecb7ed3000-7fecb7ee8000 r-xp 00000000 08:03 1837893                    /usr/lib/jvm/java-8-oracle/lib/amd64/jli/libjli.so
7fecb7ee8000-7fecb80e8000 ---p 00015000 08:03 1837893                    /usr/lib/jvm/java-8-oracle/lib/amd64/jli/libjli.so
7fecb80e8000-7fecb80e9000 rw-p 00015000 08:03 1837893                    /usr/lib/jvm/java-8-oracle/lib/amd64/jli/libjli.so
7fecb80e9000-7fecb8102000 r-xp 00000000 08:03 2101566                    /lib/x86_64-linux-gnu/libpthread-2.19.so
7fecb8102000-7fecb8301000 ---p 00019000 08:03 2101566                    /lib/x86_64-linux-gnu/libpthread-2.19.so
7fecb8301000-7fecb8302000 r--p 00018000 08:03 2101566                    /lib/x86_64-linux-gnu/libpthread-2.19.so
7fecb8302000-7fecb8303000 rw-p 00019000 08:03 2101566                    /lib/x86_64-linux-gnu/libpthread-2.19.so
7fecb8303000-7fecb8307000 rw-p 00000000 00:00 0 
7fecb8307000-7fecb832a000 r-xp 00000000 08:03 2101419                    /lib/x86_64-linux-gnu/ld-2.19.so
7fecb832b000-7fecb832c000 rw-p 00000000 00:00 0 
7fecb832c000-7fecb832d000 r--p 00000000 08:03 1842650                    /usr/lib/locale/pt_BR.utf8/LC_PAPER
7fecb832d000-7fecb832e000 r--p 00000000 08:03 2232620                    /usr/lib/locale/pt_BR.utf8/LC_NAME
7fecb832e000-7fecb832f000 r--p 00000000 08:03 2232738                    /usr/lib/locale/pt_BR.utf8/LC_ADDRESS
7fecb832f000-7fecb8401000 rw-p 00000000 00:00 0 
7fecb8401000-7fecb8404000 ---p 00000000 00:00 0 
7fecb8404000-7fecb8506000 rw-p 00000000 00:00 0                          [stack:4735]
7fecb8506000-7fecb8507000 r--p 00000000 08:03 2232739                    /usr/lib/locale/pt_BR.utf8/LC_TELEPHONE
7fecb8507000-7fecb8508000 r--p 00000000 08:03 1842646                    /usr/lib/locale/pt_BR.utf8/LC_MEASUREMENT
7fecb8508000-7fecb8509000 r--p 00000000 08:03 2232740                    /usr/lib/locale/pt_BR.utf8/LC_IDENTIFICATION
7fecb8509000-7fecb851d000 rw-p 00000000 00:00 0 
7fecb851d000-7fecb8525000 rw-s 00000000 08:03 3816965                    /tmp/hsperfdata_aluno/4733
7fecb8525000-7fecb8526000 rw-p 00000000 00:00 0 
7fecb8526000-7fecb8527000 ---p 00000000 00:00 0 
7fecb8527000-7fecb8529000 rw-p 00000000 00:00 0 
7fecb8529000-7fecb852a000 r--p 00022000 08:03 2101419                    /lib/x86_64-linux-gnu/ld-2.19.so
7fecb852a000-7fecb852b000 rw-p 00023000 08:03 2101419                    /lib/x86_64-linux-gnu/ld-2.19.so
7fecb852b000-7fecb852c000 rw-p 00000000 00:00 0 
7ffd05c2d000-7ffd05c4e000 rw-p 00000000 00:00 0                          [stack]
7ffd05c79000-7ffd05c7b000 r-xp 00000000 00:00 0                          [vdso]
7ffd05c7b000-7ffd05c7d000 r--p 00000000 00:00 0                          [vvar]
ffffffffff600000-ffffffffff601000 r-xp 00000000 00:00 0                  [vsyscall]

VM Arguments:
jvm_args: -Djava.awt.headless=true -Xmx1024M -Dfile.encoding=US-ASCII -Duser.country=US -Duser.language=en -Duser.variant 
java_command: com.android.dx.command.Main --dex --num-threads=4 --output /home/aluno/AndroidStudioProjects/Oficinas/ucd-java-app/app/build/intermediates/pre-dexed/debug/com.android.support-support-v4-23.0.1_bbe13361c7d2798ff6b4f55ac0f1ff6da4acdfca.jar /home/aluno/AndroidStudioProjects/Oficinas/ucd-java-app/app/build/intermediates/exploded-aar/com.android.support/support-v4/23.0.1/jars/classes.jar
java_class_path (initial): /opt/Android/sdk/build-tools/23.0.2/lib/dx.jar
Launcher Type: SUN_STANDARD

Environment Variables:
PATH=/usr/local/sbin:/usr/local/bin:/usr/sbin:/usr/bin:/sbin:/bin:/usr/games:/usr/local/games
USERNAME=aluno
LD_LIBRARY_PATH=/usr/local/android-studio/bin:
SHELL=/bin/bash
DISPLAY=:0

Signal Handlers:
SIGSEGV: [libjvm.so+0xaba2a0], sa_mask[0]=11111111011111111101111111111110, sa_flags=SA_RESTART|SA_SIGINFO
SIGBUS: [libjvm.so+0xaba2a0], sa_mask[0]=11111111011111111101111111111110, sa_flags=SA_RESTART|SA_SIGINFO
SIGFPE: [libjvm.so+0x917710], sa_mask[0]=11111111011111111101111111111110, sa_flags=SA_RESTART|SA_SIGINFO
SIGPIPE: [libjvm.so+0x917710], sa_mask[0]=11111111011111111101111111111110, sa_flags=SA_RESTART|SA_SIGINFO
SIGXFSZ: [libjvm.so+0x917710], sa_mask[0]=11111111011111111101111111111110, sa_flags=SA_RESTART|SA_SIGINFO
SIGILL: [libjvm.so+0x917710], sa_mask[0]=11111111011111111101111111111110, sa_flags=SA_RESTART|SA_SIGINFO
SIGUSR1: SIG_DFL, sa_mask[0]=00000000000000000000000000000000, sa_flags=none
SIGUSR2: [libjvm.so+0x918d40], sa_mask[0]=00100000000000000000000000000000, sa_flags=SA_RESTART|SA_SIGINFO
SIGHUP: [libjvm.so+0x91a140], sa_mask[0]=11111111011111111101111111111110, sa_flags=SA_RESTART|SA_SIGINFO
SIGINT: SIG_IGN, sa_mask[0]=00000000000000000000000000000000, sa_flags=none
SIGTERM: [libjvm.so+0x91a140], sa_mask[0]=11111111011111111101111111111110, sa_flags=SA_RESTART|SA_SIGINFO
SIGQUIT: [libjvm.so+0x91a140], sa_mask[0]=11111111011111111101111111111110, sa_flags=SA_RESTART|SA_SIGINFO


---------------  S Y S T E M  ---------------

OS:DISTRIB_ID=LinuxMint
DISTRIB_RELEASE=17.2
DISTRIB_CODENAME=rafaela
DISTRIB_DESCRIPTION="Linux Mint 17.2 Rafaela"

uname:Linux 3.16.0-38-generic #52~14.04.1-Ubuntu SMP Fri May 8 09:43:57 UTC 2015 x86_64
libc:glibc 2.19 NPTL 2.19 
rlimit: STACK 8192k, CORE 0k, NPROC 15324, NOFILE 4096, AS infinity
load average:14.77 15.36 7.02

/proc/meminfo:
MemTotal:        3954144 kB
MemFree:          120856 kB
MemAvailable:      84216 kB
Buffers:            2436 kB
Cached:           519944 kB
SwapCached:            0 kB
Active:          3285368 kB
Inactive:         397940 kB
Active(anon):    3247700 kB
Inactive(anon):   369300 kB
Active(file):      37668 kB
Inactive(file):    28640 kB
Unevictable:          16 kB
Mlocked:              16 kB
SwapTotal:             0 kB
SwapFree:              0 kB
Dirty:              1384 kB
Writeback:             0 kB
AnonPages:       3161120 kB
Mapped:           359900 kB
Shmem:            455928 kB
Slab:              58152 kB
SReclaimable:      29336 kB
SUnreclaim:        28816 kB
KernelStack:       11008 kB
PageTables:        34264 kB
NFS_Unstable:          0 kB
Bounce:                0 kB
WritebackTmp:          0 kB
CommitLimit:     1977072 kB
Committed_AS:    6897304 kB
VmallocTotal:   34359738367 kB
VmallocUsed:      351000 kB
VmallocChunk:   34359379888 kB
HardwareCorrupted:     0 kB
AnonHugePages:   1591296 kB
HugePages_Total:       0
HugePages_Free:        0
HugePages_Rsvd:        0
HugePages_Surp:        0
Hugepagesize:       2048 kB
DirectMap4k:       84568 kB
DirectMap2M:     1918976 kB
DirectMap1G:     2097152 kB


CPU:total 4 (4 cores per cpu, 1 threads per core) family 6 model 60 stepping 3, cmov, cx8, fxsr, mmx, sse, sse2, sse3, ssse3, sse4.1, sse4.2, popcnt, avx, avx2, aes, clmul, erms, lzcnt, tsc, tscinvbit, bmi1, bmi2

/proc/cpuinfo:
processor	: 0
vendor_id	: GenuineIntel
cpu family	: 6
model		: 60
model name	: Intel(R) Core(TM) i5-4590 CPU @ 3.30GHz
stepping	: 3
microcode	: 0x1c
cpu MHz		: 3500.191
cache size	: 6144 KB
physical id	: 0
siblings	: 4
core id		: 0
cpu cores	: 4
apicid		: 0
initial apicid	: 0
fpu		: yes
fpu_exception	: yes
cpuid level	: 13
wp		: yes
flags		: fpu vme de pse tsc msr pae mce cx8 apic sep mtrr pge mca cmov pat pse36 clflush dts acpi mmx fxsr sse sse2 ss ht tm pbe syscall nx pdpe1gb rdtscp lm constant_tsc arch_perfmon pebs bts rep_good nopl xtopology nonstop_tsc aperfmperf eagerfpu pni pclmulqdq dtes64 monitor ds_cpl vmx smx est tm2 ssse3 fma cx16 xtpr pdcm pcid sse4_1 sse4_2 x2apic movbe popcnt tsc_deadline_timer aes xsave avx f16c rdrand lahf_lm abm ida arat epb xsaveopt pln pts dtherm tpr_shadow vnmi flexpriority ept vpid fsgsbase tsc_adjust bmi1 avx2 smep bmi2 erms invpcid
bogomips	: 6584.71
clflush size	: 64
cache_alignment	: 64
address sizes	: 39 bits physical, 48 bits virtual
power management:

processor	: 1
vendor_id	: GenuineIntel
cpu family	: 6
model		: 60
model name	: Intel(R) Core(TM) i5-4590 CPU @ 3.30GHz
stepping	: 3
microcode	: 0x1c
cpu MHz		: 3500.062
cache size	: 6144 KB
physical id	: 0
siblings	: 4
core id		: 1
cpu cores	: 4
apicid		: 2
initial apicid	: 2
fpu		: yes
fpu_exception	: yes
cpuid level	: 13
wp		: yes
flags		: fpu vme de pse tsc msr pae mce cx8 apic sep mtrr pge mca cmov pat pse36 clflush dts acpi mmx fxsr sse sse2 ss ht tm pbe syscall nx pdpe1gb rdtscp lm constant_tsc arch_perfmon pebs bts rep_good nopl xtopology nonstop_tsc aperfmperf eagerfpu pni pclmulqdq dtes64 monitor ds_cpl vmx smx est tm2 ssse3 fma cx16 xtpr pdcm pcid sse4_1 sse4_2 x2apic movbe popcnt tsc_deadline_timer aes xsave avx f16c rdrand lahf_lm abm ida arat epb xsaveopt pln pts dtherm tpr_shadow vnmi flexpriority ept vpid fsgsbase tsc_adjust bmi1 avx2 smep bmi2 erms invpcid
bogomips	: 6584.71
clflush size	: 64
cache_alignment	: 64
address sizes	: 39 bits physical, 48 bits virtual
power management:

processor	: 2
vendor_id	: GenuineIntel
cpu family	: 6
model		: 60
model name	: Intel(R) Core(TM) i5-4590 CPU @ 3.30GHz
stepping	: 3
microcode	: 0x1c
cpu MHz		: 3491.683
cache size	: 6144 KB
physical id	: 0
siblings	: 4
core id		: 2
cpu cores	: 4
apicid		: 4
initial apicid	: 4
fpu		: yes
fpu_exception	: yes
cpuid level	: 13
wp		: yes
flags		: fpu vme de pse tsc msr pae mce cx8 apic sep mtrr pge mca cmov pat pse36 clflush dts acpi mmx fxsr sse sse2 ss ht tm pbe syscall nx pdpe1gb rdtscp lm constant_tsc arch_perfmon pebs bts rep_good nopl xtopology nonstop_tsc aperfmperf eagerfpu pni pclmulqdq dtes64 monitor ds_cpl vmx smx est tm2 ssse3 fma cx16 xtpr pdcm pcid sse4_1 sse4_2 x2apic movbe popcnt tsc_deadline_timer aes xsave avx f16c rdrand lahf_lm abm ida arat epb xsaveopt pln pts dtherm tpr_shadow vnmi flexpriority ept vpid fsgsbase tsc_adjust bmi1 avx2 smep bmi2 erms invpcid
bogomips	: 6584.71
clflush size	: 64
cache_alignment	: 64
address sizes	: 39 bits physical, 48 bits virtual
power management:

processor	: 3
vendor_id	: GenuineIntel
cpu family	: 6
model		: 60
model name	: Intel(R) Core(TM) i5-4590 CPU @ 3.30GHz
stepping	: 3
microcode	: 0x1c
cpu MHz		: 3499.933
cache size	: 6144 KB
physical id	: 0
siblings	: 4
core id		: 3
cpu cores	: 4
apicid		: 6
initial apicid	: 6
fpu		: yes
fpu_exception	: yes
cpuid level	: 13
wp		: yes
flags		: fpu vme de pse tsc msr pae mce cx8 apic sep mtrr pge mca cmov pat pse36 clflush dts acpi mmx fxsr sse sse2 ss ht tm pbe syscall nx pdpe1gb rdtscp lm constant_tsc arch_perfmon pebs bts rep_good nopl xtopology nonstop_tsc aperfmperf eagerfpu pni pclmulqdq dtes64 monitor ds_cpl vmx smx est tm2 ssse3 fma cx16 xtpr pdcm pcid sse4_1 sse4_2 x2apic movbe popcnt tsc_deadline_timer aes xsave avx f16c rdrand lahf_lm abm ida arat epb xsaveopt pln pts dtherm tpr_shadow vnmi flexpriority ept vpid fsgsbase tsc_adjust bmi1 avx2 smep bmi2 erms invpcid
bogomips	: 6584.71
clflush size	: 64
cache_alignment	: 64
address sizes	: 39 bits physical, 48 bits virtual
power management:



Memory: 4k page, physical 3954144k(120856k free), swap 0k(0k free)

vm_info: Java HotSpot(TM) 64-Bit Server VM (25.66-b17) for linux-amd64 JRE (1.8.0_66-b17), built on Oct  6 2015 17:28:34 by "java_re" with gcc 4.3.0 20080428 (Red Hat 4.3.0-8)

time: Mon Jun 20 21:46:29 2016
elapsed time: 4 seconds (0d 0h 0m 4s)

